<?xml version="1.0" encoding="UTF-8"?>
<TestRun id="d6374c31-9c8a-490a-a532-eaf37879e473" name="Administrator@NU1NB2RSNIYL0VA 2013-10-24 14:51:00" runUser="NU1NB2RSNIYL0VA\Administrator" xmlns="http://microsoft.com/schemas/VisualStudio/TeamTest/2010">
  <TestSettings name="本地" id="32b136b7-6e41-488e-8fd0-005393bbd4f8">
    <Description>这些设置为本地测试运行的默认测试设置。</Description>
    <Deployment enabled="false" runDeploymentRoot="Administrator_NU1NB2RSNIYL0VA 2013-10-24 14_51_00">
      <DeploymentItem filename="D:\Documents\Visual Studio 2010\Projects\Owner\Extension\Extension\bin\Debug\CRCLibrary.dll" />
    </Deployment>
    <Execution>
      <TestTypeSpecific />
      <AgentRule name="Execution Agents">
      </AgentRule>
    </Execution>
  </TestSettings>
  <Times creation="2013-10-24T14:51:00.1795814+08:00" queuing="2013-10-24T14:51:00.2255840+08:00" start="2013-10-24T14:51:00.2295842+08:00" finish="2013-10-24T14:51:00.4145948+08:00" />
  <ResultSummary outcome="Failed">
    <Counters total="3" executed="3" error="0" failed="3" timeout="0" aborted="0" inconclusive="0" passedButRunAborted="0" notRunnable="0" notExecuted="0" disconnected="0" warning="0" passed="0" completed="0" inProgress="0" pending="0" />
  </ResultSummary>
  <TestDefinitions>
    <UnitTest name="AddOrReplaceTest" storage="d:\documents\visual studio 2010\projects\owner\extension\testcrclibrary\bin\debug\testcrclibrary.dll" id="1dcdf0b5-25a3-ae3d-3d8c-fe83664f5da0">
      <Execution id="fae9c647-9c5f-4a65-9700-c4d5ab5bf01c" />
      <TestMethod codeBase="D:/Documents/Visual Studio 2010/Projects/Owner/Extension/TestCRCLibrary/bin/Debug/TestCRCLibrary.DLL" adapterTypeName="Microsoft.VisualStudio.TestTools.TestTypes.Unit.UnitTestAdapter, Microsoft.VisualStudio.QualityTools.Tips.UnitTest.Adapter, Version=10.0.0.0, Culture=neutral, PublicKeyToken=b03f5f7f11d50a3a" className="TestCRCLibrary.DictionaryExtensionTest, TestCRCLibrary, Version=1.0.0.0, Culture=neutral, PublicKeyToken=null" name="AddOrReplaceTest" />
    </UnitTest>
    <UnitTest name="TryAddTest" storage="d:\documents\visual studio 2010\projects\owner\extension\testcrclibrary\bin\debug\testcrclibrary.dll" id="8184ceb8-5723-d229-7ffe-8100f3f04dc9">
      <Execution id="6e58d445-451a-4613-8021-df0126ab8eea" />
      <TestMethod codeBase="D:/Documents/Visual Studio 2010/Projects/Owner/Extension/TestCRCLibrary/bin/Debug/TestCRCLibrary.DLL" adapterTypeName="Microsoft.VisualStudio.TestTools.TestTypes.Unit.UnitTestAdapter, Microsoft.VisualStudio.QualityTools.Tips.UnitTest.Adapter, Version=10.0.0.0, Culture=neutral, PublicKeyToken=b03f5f7f11d50a3a" className="TestCRCLibrary.DictionaryExtensionTest, TestCRCLibrary, Version=1.0.0.0, Culture=neutral, PublicKeyToken=null" name="TryAddTest" />
    </UnitTest>
    <UnitTest name="AddRangeTest" storage="d:\documents\visual studio 2010\projects\owner\extension\testcrclibrary\bin\debug\testcrclibrary.dll" id="b2304fb9-e24c-d563-ee21-4345f8884f3b">
      <Execution id="2ddf82a2-f512-44c5-b84d-6f183c33ea6e" />
      <TestMethod codeBase="D:/Documents/Visual Studio 2010/Projects/Owner/Extension/TestCRCLibrary/bin/Debug/TestCRCLibrary.DLL" adapterTypeName="Microsoft.VisualStudio.TestTools.TestTypes.Unit.UnitTestAdapter, Microsoft.VisualStudio.QualityTools.Tips.UnitTest.Adapter, Version=10.0.0.0, Culture=neutral, PublicKeyToken=b03f5f7f11d50a3a" className="TestCRCLibrary.DictionaryExtensionTest, TestCRCLibrary, Version=1.0.0.0, Culture=neutral, PublicKeyToken=null" name="AddRangeTest" />
    </UnitTest>
  </TestDefinitions>
  <TestLists>
    <TestList name="列表中未列出的结果" id="8c84fa94-04c1-424b-9868-57a2d4851a1d" />
    <TestList name="所有已加载的结果" id="19431567-8539-422a-85d7-44ee4e166bda" />
  </TestLists>
  <TestEntries>
    <TestEntry testId="1dcdf0b5-25a3-ae3d-3d8c-fe83664f5da0" executionId="fae9c647-9c5f-4a65-9700-c4d5ab5bf01c" testListId="8c84fa94-04c1-424b-9868-57a2d4851a1d" />
    <TestEntry testId="8184ceb8-5723-d229-7ffe-8100f3f04dc9" executionId="6e58d445-451a-4613-8021-df0126ab8eea" testListId="8c84fa94-04c1-424b-9868-57a2d4851a1d" />
    <TestEntry testId="b2304fb9-e24c-d563-ee21-4345f8884f3b" executionId="2ddf82a2-f512-44c5-b84d-6f183c33ea6e" testListId="8c84fa94-04c1-424b-9868-57a2d4851a1d" />
  </TestEntries>
  <Results>
    <UnitTestResult executionId="fae9c647-9c5f-4a65-9700-c4d5ab5bf01c" testId="1dcdf0b5-25a3-ae3d-3d8c-fe83664f5da0" testName="AddOrReplaceTest" computerName="NU1NB2RSNIYL0VA" duration="00:00:00.0220403" startTime="2013-10-24T14:51:00.2305843+08:00" endTime="2013-10-24T14:51:00.3755926+08:00" testType="13cdc9d9-ddb5-4fa4-a97d-d965ccfc6d4b" outcome="Failed" testListId="8c84fa94-04c1-424b-9868-57a2d4851a1d" relativeResultsDirectory="fae9c647-9c5f-4a65-9700-c4d5ab5bf01c">
      <Output>
        <ErrorInfo>
          <Message>测试方法 TestCRCLibrary.DictionaryExtensionTest.AddOrReplaceTest 引发了异常: 
System.ArgumentNullException: 值不能为 null。
参数名: dict is not null</Message>
          <StackTrace>    在 CRC.Extension.DictionaryExtension.AddOrReplace[TKey,TValue](Dictionary`2 dict, TKey key, TValue value) 位置 D:\Documents\Visual Studio 2010\Projects\Owner\Extension\Extension\Extension\DictionaryExtension.cs:行号 49
   在 TestCRCLibrary.DictionaryExtensionTest.AddOrReplaceTestHelper[TKey,TValue]() 位置 D:\Documents\Visual Studio 2010\Projects\Owner\Extension\TestCRCLibrary\Extension\DictionaryExtensionTest.cs:行号 78
   在 TestCRCLibrary.DictionaryExtensionTest.AddOrReplaceTest() 位置 D:\Documents\Visual Studio 2010\Projects\Owner\Extension\TestCRCLibrary\Extension\DictionaryExtensionTest.cs:行号 86
</StackTrace>
        </ErrorInfo>
      </Output>
    </UnitTestResult>
    <UnitTestResult executionId="6e58d445-451a-4613-8021-df0126ab8eea" testId="8184ceb8-5723-d229-7ffe-8100f3f04dc9" testName="TryAddTest" computerName="NU1NB2RSNIYL0VA" duration="00:00:00.0028448" startTime="2013-10-24T14:51:00.3765927+08:00" endTime="2013-10-24T14:51:00.3815929+08:00" testType="13cdc9d9-ddb5-4fa4-a97d-d965ccfc6d4b" outcome="Failed" testListId="8c84fa94-04c1-424b-9868-57a2d4851a1d" relativeResultsDirectory="6e58d445-451a-4613-8021-df0126ab8eea">
      <Output>
        <ErrorInfo>
          <Message>测试方法 TestCRCLibrary.DictionaryExtensionTest.TryAddTest 引发了异常: 
System.ArgumentNullException: 值不能为 null。
参数名: dict is not null</Message>
          <StackTrace>    在 CRC.Extension.DictionaryExtension.TryAdd[TKey,TValue](Dictionary`2 dict, TKey key, TValue value) 位置 D:\Documents\Visual Studio 2010\Projects\Owner\Extension\Extension\Extension\DictionaryExtension.cs:行号 33
   在 TestCRCLibrary.DictionaryExtensionTest.TryAddTestHelper[TKey,TValue]() 位置 D:\Documents\Visual Studio 2010\Projects\Owner\Extension\TestCRCLibrary\Extension\DictionaryExtensionTest.cs:行号 120
   在 TestCRCLibrary.DictionaryExtensionTest.TryAddTest() 位置 D:\Documents\Visual Studio 2010\Projects\Owner\Extension\TestCRCLibrary\Extension\DictionaryExtensionTest.cs:行号 128
</StackTrace>
        </ErrorInfo>
      </Output>
    </UnitTestResult>
    <UnitTestResult executionId="2ddf82a2-f512-44c5-b84d-6f183c33ea6e" testId="b2304fb9-e24c-d563-ee21-4345f8884f3b" testName="AddRangeTest" computerName="NU1NB2RSNIYL0VA" duration="00:00:00.0031459" startTime="2013-10-24T14:51:00.3815929+08:00" endTime="2013-10-24T14:51:00.3865932+08:00" testType="13cdc9d9-ddb5-4fa4-a97d-d965ccfc6d4b" outcome="Failed" testListId="8c84fa94-04c1-424b-9868-57a2d4851a1d" relativeResultsDirectory="2ddf82a2-f512-44c5-b84d-6f183c33ea6e">
      <Output>
        <ErrorInfo>
          <Message>测试方法 TestCRCLibrary.DictionaryExtensionTest.AddRangeTest 引发了异常: 
System.ArgumentNullException: 值不能为 null。
参数名: dict is not null</Message>
          <StackTrace>    在 CRC.Extension.DictionaryExtension.AddRange[TKey,TValue](Dictionary`2 dict, IEnumerable`1 values, Boolean replaceExisted) 位置 D:\Documents\Visual Studio 2010\Projects\Owner\Extension\Extension\Extension\DictionaryExtension.cs:行号 66
   在 TestCRCLibrary.DictionaryExtensionTest.AddRangeTestHelper[TKey,TValue]() 位置 D:\Documents\Visual Studio 2010\Projects\Owner\Extension\TestCRCLibrary\Extension\DictionaryExtensionTest.cs:行号 99
   在 TestCRCLibrary.DictionaryExtensionTest.AddRangeTest() 位置 D:\Documents\Visual Studio 2010\Projects\Owner\Extension\TestCRCLibrary\Extension\DictionaryExtensionTest.cs:行号 107
</StackTrace>
        </ErrorInfo>
      </Output>
    </UnitTestResult>
  </Results>
</TestRun>